build/app/intermediates/manifest_merge_blame_file/debug/manifest-merger-blame-debug-report.txt
1<?xml version="1.0" encoding="utf-8"?>
2<manifest xmlns:android="http://schemas.android.com/apk/res/android"
3    package="com.example.church"
4    android:versionCode="1"
5    android:versionName="1.0.0" >
6
7    <uses-sdk
8        android:minSdkVersion="21"
9        android:targetSdkVersion="33" />
10    <!--
11         The INTERNET permission is required for development. Specifically,
12         the Flutter tool needs it to communicate with the running application
13         to allow setting breakpoints, to provide hot reload, etc.
14    -->
15    <uses-permission android:name="android.permission.INTERNET" />
15-->src/debug/AndroidManifest.xml:6:5-66
15-->src/debug/AndroidManifest.xml:6:22-64
16
17    <queries>
17-->[:flutter_inappwebview] AndroidManifest.xml:9:5-13:15
18        <intent>
18-->[:flutter_inappwebview] AndroidManifest.xml:10:9-12:18
19            <action android:name="android.support.customtabs.action.CustomTabsService" />
19-->[:flutter_inappwebview] AndroidManifest.xml:11:13-90
19-->[:flutter_inappwebview] AndroidManifest.xml:11:21-87
20        </intent>
21    </queries>
22
23    <permission
23-->[androidx.core:core:1.10.1] AndroidManifest.xml:22:5-24:47
24        android:name="com.example.church.DYNAMIC_RECEIVER_NOT_EXPORTED_PERMISSION"
24-->[androidx.core:core:1.10.1] AndroidManifest.xml:23:9-81
25        android:protectionLevel="signature" />
25-->[androidx.core:core:1.10.1] AndroidManifest.xml:24:9-44
26
27    <uses-permission android:name="com.example.church.DYNAMIC_RECEIVER_NOT_EXPORTED_PERMISSION" />
27-->[androidx.core:core:1.10.1] AndroidManifest.xml:26:5-97
27-->[androidx.core:core:1.10.1] AndroidManifest.xml:26:22-94
28
29    <application
30        android:name="android.app.Application"
31        android:appComponentFactory="androidx.core.app.CoreComponentFactory"
31-->[androidx.core:core:1.10.1] AndroidManifest.xml:28:18-86
32        android:debuggable="true"
33        android:icon="@mipmap/ic_launcher"
34        android:label="church" >
35        <activity
36            android:name="com.example.church.MainActivity"
37            android:configChanges="orientation|keyboardHidden|keyboard|screenSize|smallestScreenSize|locale|layoutDirection|fontScale|screenLayout|density|uiMode"
38            android:exported="true"
39            android:hardwareAccelerated="true"
40            android:launchMode="singleTop"
41            android:theme="@style/LaunchTheme"
42            android:windowSoftInputMode="adjustResize" >
43
44            <!--
45                 Specifies an Android theme to apply to this Activity as soon as
46                 the Android process has started. This theme is visible to the user
47                 while the Flutter UI initializes. After that, this theme continues
48                 to determine the Window background behind the Flutter UI.
49            -->
50            <meta-data
51                android:name="io.flutter.embedding.android.NormalTheme"
52                android:resource="@style/NormalTheme" />
53
54            <intent-filter>
55                <action android:name="android.intent.action.MAIN" />
56
57                <category android:name="android.intent.category.LAUNCHER" />
58            </intent-filter>
59        </activity>
60        <!--
61             Don't delete the meta-data below.
62             This is used by the Flutter tool to generate GeneratedPluginRegistrant.java
63        -->
64        <meta-data
65            android:name="flutterEmbedding"
66            android:value="2" />
67
68        <provider
68-->[:image_picker_android] AndroidManifest.xml:10:9-18:20
69            android:name="io.flutter.plugins.imagepicker.ImagePickerFileProvider"
69-->[:image_picker_android] AndroidManifest.xml:11:13-82
70            android:authorities="com.example.church.flutter.image_provider"
70-->[:image_picker_android] AndroidManifest.xml:12:13-74
71            android:exported="false"
71-->[:image_picker_android] AndroidManifest.xml:13:13-37
72            android:grantUriPermissions="true" >
72-->[:image_picker_android] AndroidManifest.xml:14:13-47
73            <meta-data
73-->[:image_picker_android] AndroidManifest.xml:15:13-17:75
74                android:name="android.support.FILE_PROVIDER_PATHS"
74-->[:image_picker_android] AndroidManifest.xml:16:17-67
75                android:resource="@xml/flutter_image_picker_file_paths" />
75-->[:image_picker_android] AndroidManifest.xml:17:17-72
76        </provider>
77
78        <activity
78-->[:flutter_inappwebview] AndroidManifest.xml:16:9-20:47
79            android:name="com.pichillilorenzo.flutter_inappwebview.in_app_browser.InAppBrowserActivity"
79-->[:flutter_inappwebview] AndroidManifest.xml:17:13-104
80            android:configChanges="orientation|keyboardHidden|keyboard|screenSize|locale|layoutDirection|fontScale|screenLayout|density"
80-->[:flutter_inappwebview] AndroidManifest.xml:18:13-137
81            android:exported="false"
81-->[:flutter_inappwebview] AndroidManifest.xml:19:13-37
82            android:theme="@style/AppTheme" />
82-->[:flutter_inappwebview] AndroidManifest.xml:20:13-44
83        <activity
83-->[:flutter_inappwebview] AndroidManifest.xml:21:9-24:55
84            android:name="com.pichillilorenzo.flutter_inappwebview.chrome_custom_tabs.ChromeCustomTabsActivity"
84-->[:flutter_inappwebview] AndroidManifest.xml:22:13-112
85            android:exported="false"
85-->[:flutter_inappwebview] AndroidManifest.xml:23:13-37
86            android:theme="@style/ThemeTransparent" />
86-->[:flutter_inappwebview] AndroidManifest.xml:24:13-52
87        <activity
87-->[:flutter_inappwebview] AndroidManifest.xml:25:9-28:55
88            android:name="com.pichillilorenzo.flutter_inappwebview.chrome_custom_tabs.TrustedWebActivity"
88-->[:flutter_inappwebview] AndroidManifest.xml:26:13-106
89            android:exported="false"
89-->[:flutter_inappwebview] AndroidManifest.xml:27:13-37
90            android:theme="@style/ThemeTransparent" />
90-->[:flutter_inappwebview] AndroidManifest.xml:28:13-52
91        <activity
91-->[:flutter_inappwebview] AndroidManifest.xml:29:9-33:55
92            android:name="com.pichillilorenzo.flutter_inappwebview.chrome_custom_tabs.ChromeCustomTabsActivitySingleInstance"
92-->[:flutter_inappwebview] AndroidManifest.xml:30:13-126
93            android:exported="false"
93-->[:flutter_inappwebview] AndroidManifest.xml:31:13-37
94            android:launchMode="singleInstance"
94-->[:flutter_inappwebview] AndroidManifest.xml:32:13-48
95            android:theme="@style/ThemeTransparent" />
95-->[:flutter_inappwebview] AndroidManifest.xml:33:13-52
96        <activity
96-->[:flutter_inappwebview] AndroidManifest.xml:34:9-38:55
97            android:name="com.pichillilorenzo.flutter_inappwebview.chrome_custom_tabs.TrustedWebActivitySingleInstance"
97-->[:flutter_inappwebview] AndroidManifest.xml:35:13-120
98            android:exported="false"
98-->[:flutter_inappwebview] AndroidManifest.xml:36:13-37
99            android:launchMode="singleInstance"
99-->[:flutter_inappwebview] AndroidManifest.xml:37:13-48
100            android:theme="@style/ThemeTransparent" />
100-->[:flutter_inappwebview] AndroidManifest.xml:38:13-52
101
102        <receiver
102-->[:flutter_inappwebview] AndroidManifest.xml:40:9-43:40
103            android:name="com.pichillilorenzo.flutter_inappwebview.chrome_custom_tabs.ActionBroadcastReceiver"
103-->[:flutter_inappwebview] AndroidManifest.xml:41:13-111
104            android:enabled="true"
104-->[:flutter_inappwebview] AndroidManifest.xml:42:13-35
105            android:exported="false" />
105-->[:flutter_inappwebview] AndroidManifest.xml:43:13-37
106
107        <meta-data
107-->[:flutter_inappwebview] AndroidManifest.xml:45:9-47:36
108            android:name="io.flutter.embedded_views_preview"
108-->[:flutter_inappwebview] AndroidManifest.xml:46:13-61
109            android:value="true" />
109-->[:flutter_inappwebview] AndroidManifest.xml:47:13-33
110
111        <provider
111-->[io.github.sangcomz:fishbun:1.1.1] AndroidManifest.xml:10:9-18:20
112            android:name="com.sangcomz.fishbun.FishBunFileProvider"
112-->[io.github.sangcomz:fishbun:1.1.1] AndroidManifest.xml:11:13-68
113            android:authorities="com.example.church.fishbunfileprovider"
113-->[io.github.sangcomz:fishbun:1.1.1] AndroidManifest.xml:12:13-71
114            android:exported="false"
114-->[io.github.sangcomz:fishbun:1.1.1] AndroidManifest.xml:13:13-37
115            android:grantUriPermissions="true" >
115-->[io.github.sangcomz:fishbun:1.1.1] AndroidManifest.xml:14:13-47
116            <meta-data
116-->[:image_picker_android] AndroidManifest.xml:15:13-17:75
117                android:name="android.support.FILE_PROVIDER_PATHS"
117-->[:image_picker_android] AndroidManifest.xml:16:17-67
118                android:resource="@xml/provider_paths" />
118-->[:image_picker_android] AndroidManifest.xml:17:17-72
119        </provider>
120
121        <activity
121-->[io.github.sangcomz:fishbun:1.1.1] AndroidManifest.xml:20:9-23:51
122            android:name="com.sangcomz.fishbun.ui.album.ui.AlbumActivity"
122-->[io.github.sangcomz:fishbun:1.1.1] AndroidManifest.xml:21:13-74
123            android:label="@string/album"
123-->[io.github.sangcomz:fishbun:1.1.1] AndroidManifest.xml:22:13-42
124            android:theme="@style/FishBunTheme" />
124-->[io.github.sangcomz:fishbun:1.1.1] AndroidManifest.xml:23:13-48
125        <activity
125-->[io.github.sangcomz:fishbun:1.1.1] AndroidManifest.xml:24:9-26:51
126            android:name="com.sangcomz.fishbun.ui.picker.PickerActivity"
126-->[io.github.sangcomz:fishbun:1.1.1] AndroidManifest.xml:25:13-73
127            android:theme="@style/FishBunTheme" />
127-->[io.github.sangcomz:fishbun:1.1.1] AndroidManifest.xml:26:13-48
128        <activity
128-->[io.github.sangcomz:fishbun:1.1.1] AndroidManifest.xml:27:9-29:54
129            android:name="com.sangcomz.fishbun.ui.detail.ui.DetailImageActivity"
129-->[io.github.sangcomz:fishbun:1.1.1] AndroidManifest.xml:28:13-81
130            android:theme="@style/DetailViewTheme" />
130-->[io.github.sangcomz:fishbun:1.1.1] AndroidManifest.xml:29:13-51
131
132        <provider
132-->[androidx.emoji2:emoji2:1.2.0] AndroidManifest.xml:24:9-32:20
133            android:name="androidx.startup.InitializationProvider"
133-->[androidx.emoji2:emoji2:1.2.0] AndroidManifest.xml:25:13-67
134            android:authorities="com.example.church.androidx-startup"
134-->[androidx.emoji2:emoji2:1.2.0] AndroidManifest.xml:26:13-68
135            android:exported="false" >
135-->[androidx.emoji2:emoji2:1.2.0] AndroidManifest.xml:27:13-37
136            <meta-data
136-->[androidx.emoji2:emoji2:1.2.0] AndroidManifest.xml:29:13-31:52
137                android:name="androidx.emoji2.text.EmojiCompatInitializer"
137-->[androidx.emoji2:emoji2:1.2.0] AndroidManifest.xml:30:17-75
138                android:value="androidx.startup" />
138-->[androidx.emoji2:emoji2:1.2.0] AndroidManifest.xml:31:17-49
139            <meta-data
139-->[androidx.lifecycle:lifecycle-process:2.6.1] AndroidManifest.xml:29:13-31:52
140                android:name="androidx.lifecycle.ProcessLifecycleInitializer"
140-->[androidx.lifecycle:lifecycle-process:2.6.1] AndroidManifest.xml:30:17-78
141                android:value="androidx.startup" />
141-->[androidx.lifecycle:lifecycle-process:2.6.1] AndroidManifest.xml:31:17-49
142            <meta-data
142-->[androidx.profileinstaller:profileinstaller:1.3.0] AndroidManifest.xml:29:13-31:52
143                android:name="androidx.profileinstaller.ProfileInstallerInitializer"
143-->[androidx.profileinstaller:profileinstaller:1.3.0] AndroidManifest.xml:30:17-85
144                android:value="androidx.startup" />
144-->[androidx.profileinstaller:profileinstaller:1.3.0] AndroidManifest.xml:31:17-49
145        </provider>
146
147        <uses-library
147-->[androidx.window:window:1.0.0-beta04] AndroidManifest.xml:25:9-27:40
148            android:name="androidx.window.extensions"
148-->[androidx.window:window:1.0.0-beta04] AndroidManifest.xml:26:13-54
149            android:required="false" />
149-->[androidx.window:window:1.0.0-beta04] AndroidManifest.xml:27:13-37
150        <uses-library
150-->[androidx.window:window:1.0.0-beta04] AndroidManifest.xml:28:9-30:40
151            android:name="androidx.window.sidecar"
151-->[androidx.window:window:1.0.0-beta04] AndroidManifest.xml:29:13-51
152            android:required="false" />
152-->[androidx.window:window:1.0.0-beta04] AndroidManifest.xml:30:13-37
153
154        <receiver
154-->[androidx.profileinstaller:profileinstaller:1.3.0] AndroidManifest.xml:34:9-52:20
155            android:name="androidx.profileinstaller.ProfileInstallReceiver"
155-->[androidx.profileinstaller:profileinstaller:1.3.0] AndroidManifest.xml:35:13-76
156            android:directBootAware="false"
156-->[androidx.profileinstaller:profileinstaller:1.3.0] AndroidManifest.xml:36:13-44
157            android:enabled="true"
157-->[androidx.profileinstaller:profileinstaller:1.3.0] AndroidManifest.xml:37:13-35
158            android:exported="true"
158-->[androidx.profileinstaller:profileinstaller:1.3.0] AndroidManifest.xml:38:13-36
159            android:permission="android.permission.DUMP" >
159-->[androidx.profileinstaller:profileinstaller:1.3.0] AndroidManifest.xml:39:13-57
160            <intent-filter>
160-->[androidx.profileinstaller:profileinstaller:1.3.0] AndroidManifest.xml:40:13-42:29
161                <action android:name="androidx.profileinstaller.action.INSTALL_PROFILE" />
161-->[androidx.profileinstaller:profileinstaller:1.3.0] AndroidManifest.xml:41:17-91
161-->[androidx.profileinstaller:profileinstaller:1.3.0] AndroidManifest.xml:41:25-88
162            </intent-filter>
163            <intent-filter>
163-->[androidx.profileinstaller:profileinstaller:1.3.0] AndroidManifest.xml:43:13-45:29
164                <action android:name="androidx.profileinstaller.action.SKIP_FILE" />
164-->[androidx.profileinstaller:profileinstaller:1.3.0] AndroidManifest.xml:44:17-85
164-->[androidx.profileinstaller:profileinstaller:1.3.0] AndroidManifest.xml:44:25-82
165            </intent-filter>
166            <intent-filter>
166-->[androidx.profileinstaller:profileinstaller:1.3.0] AndroidManifest.xml:46:13-48:29
167                <action android:name="androidx.profileinstaller.action.SAVE_PROFILE" />
167-->[androidx.profileinstaller:profileinstaller:1.3.0] AndroidManifest.xml:47:17-88
167-->[androidx.profileinstaller:profileinstaller:1.3.0] AndroidManifest.xml:47:25-85
168            </intent-filter>
169            <intent-filter>
169-->[androidx.profileinstaller:profileinstaller:1.3.0] AndroidManifest.xml:49:13-51:29
170                <action android:name="androidx.profileinstaller.action.BENCHMARK_OPERATION" />
170-->[androidx.profileinstaller:profileinstaller:1.3.0] AndroidManifest.xml:50:17-95
170-->[androidx.profileinstaller:profileinstaller:1.3.0] AndroidManifest.xml:50:25-92
171            </intent-filter>
172        </receiver>
173    </application>
174
175</manifest>